{
  "RSpec": {
    "coverage": {
      "/Users/amandahimmelstoss/code/ruby-assignments/making-specs-jukebox/jukebox.rb": [
        null,
        null,
        1,
        null,
        1,
        1,
        1,
        null,
        1,
        6,
        6,
        null,
        null,
        1,
        2,
        null,
        null,
        1,
        1,
        null,
        null,
        1,
        4,
        null,
        4,
        2,
        null,
        1,
        1,
        null,
        1,
        null,
        4,
        null,
        null,
        1,
        1,
        1,
        null,
        null,
        1,
        1,
        1,
        7,
        null,
        1,
        null,
        null,
        1,
        1,
        null,
        null,
        null
      ],
      "/Users/amandahimmelstoss/code/ruby-assignments/making-specs-jukebox/song.rb": [
        1,
        1,
        null,
        1,
        8,
        null,
        null
      ]
    },
    "timestamp": 1381329138
  }
}
